  male.cpp
C:\Users\Tom Portegys\Documents\research\AI\Morphognosis\NestingBirds\mona\src\nestingbirds\male.cpp(48,8): error C2039: 'initNeed': is not a member of 'Mona'
C:\Users\Tom Portegys\Documents\research\AI\Morphognosis\NestingBirds\mona\src\mona\mona.hpp(50): message : see declaration of 'Mona'
C:\Users\Tom Portegys\Documents\research\AI\Morphognosis\NestingBirds\mona\src\nestingbirds\male.cpp(49,8): error C2039: 'initNeed': is not a member of 'Mona'
C:\Users\Tom Portegys\Documents\research\AI\Morphognosis\NestingBirds\mona\src\mona\mona.hpp(50): message : see declaration of 'Mona'
C:\Users\Tom Portegys\Documents\research\AI\Morphognosis\NestingBirds\mona\src\nestingbirds\male.cpp(50,8): error C2039: 'initNeed': is not a member of 'Mona'
C:\Users\Tom Portegys\Documents\research\AI\Morphognosis\NestingBirds\mona\src\mona\mona.hpp(50): message : see declaration of 'Mona'
C:\Users\Tom Portegys\Documents\research\AI\Morphognosis\NestingBirds\mona\src\nestingbirds\male.cpp(51,8): error C2039: 'initNeed': is not a member of 'Mona'
C:\Users\Tom Portegys\Documents\research\AI\Morphognosis\NestingBirds\mona\src\mona\mona.hpp(50): message : see declaration of 'Mona'
C:\Users\Tom Portegys\Documents\research\AI\Morphognosis\NestingBirds\mona\src\nestingbirds\male.cpp(57,6): error C2653: 'MonAmi': is not a class or namespace name
C:\Users\Tom Portegys\Documents\research\AI\Morphognosis\NestingBirds\mona\src\nestingbirds\male.cpp(57,14): error C3861: 'setSensors': identifier not found
C:\Users\Tom Portegys\Documents\research\AI\Morphognosis\NestingBirds\mona\src\nestingbirds\male.cpp(59,50): error C2664: 'Mona::Receptor *Mona::newReceptor(std::vector<Homeostat::SENSOR,std::allocator<Homeostat::SENSOR>> &,Mona::SENSOR_MODE)': cannot convert argument 1 from 'Mona::SENSOR *' to 'std::vector<Homeostat::SENSOR,std::allocator<Homeostat::SENSOR>> &'
C:\Users\Tom Portegys\Documents\research\AI\Morphognosis\NestingBirds\mona\src\mona\mona.hpp(546,14): message : see declaration of 'Mona::newReceptor'
C:\Users\Tom Portegys\Documents\research\AI\Morphognosis\NestingBirds\mona\src\nestingbirds\male.cpp(60,6): error C2653: 'MonAmi': is not a class or namespace name
C:\Users\Tom Portegys\Documents\research\AI\Morphognosis\NestingBirds\mona\src\nestingbirds\male.cpp(60,25): error C2065: 'DESERT': undeclared identifier
C:\Users\Tom Portegys\Documents\research\AI\Morphognosis\NestingBirds\mona\src\nestingbirds\male.cpp(60,14): error C3861: 'setSensors': identifier not found
C:\Users\Tom Portegys\Documents\research\AI\Morphognosis\NestingBirds\mona\src\nestingbirds\male.cpp(62,46): error C2664: 'Mona::Receptor *Mona::newReceptor(std::vector<Homeostat::SENSOR,std::allocator<Homeostat::SENSOR>> &,Mona::SENSOR_MODE)': cannot convert argument 1 from 'Mona::SENSOR *' to 'std::vector<Homeostat::SENSOR,std::allocator<Homeostat::SENSOR>> &'
C:\Users\Tom Portegys\Documents\research\AI\Morphognosis\NestingBirds\mona\src\mona\mona.hpp(546,14): message : see declaration of 'Mona::newReceptor'
C:\Users\Tom Portegys\Documents\research\AI\Morphognosis\NestingBirds\mona\src\nestingbirds\male.cpp(63,6): error C2653: 'MonAmi': is not a class or namespace name
C:\Users\Tom Portegys\Documents\research\AI\Morphognosis\NestingBirds\mona\src\nestingbirds\male.cpp(63,25): error C2065: 'FOREST': undeclared identifier
C:\Users\Tom Portegys\Documents\research\AI\Morphognosis\NestingBirds\mona\src\nestingbirds\male.cpp(63,14): error C3861: 'setSensors': identifier not found
C:\Users\Tom Portegys\Documents\research\AI\Morphognosis\NestingBirds\mona\src\nestingbirds\male.cpp(65,46): error C2664: 'Mona::Receptor *Mona::newReceptor(std::vector<Homeostat::SENSOR,std::allocator<Homeostat::SENSOR>> &,Mona::SENSOR_MODE)': cannot convert argument 1 from 'Mona::SENSOR *' to 'std::vector<Homeostat::SENSOR,std::allocator<Homeostat::SENSOR>> &'
C:\Users\Tom Portegys\Documents\research\AI\Morphognosis\NestingBirds\mona\src\mona\mona.hpp(546,14): message : see declaration of 'Mona::newReceptor'
C:\Users\Tom Portegys\Documents\research\AI\Morphognosis\NestingBirds\mona\src\nestingbirds\male.cpp(66,6): error C2653: 'MonAmi': is not a class or namespace name
C:\Users\Tom Portegys\Documents\research\AI\Morphognosis\NestingBirds\mona\src\nestingbirds\male.cpp(66,36): error C2065: 'FOOD': undeclared identifier
C:\Users\Tom Portegys\Documents\research\AI\Morphognosis\NestingBirds\mona\src\nestingbirds\male.cpp(66,14): error C3861: 'setSensors': identifier not found
C:\Users\Tom Portegys\Documents\research\AI\Morphognosis\NestingBirds\mona\src\nestingbirds\male.cpp(68,60): error C2664: 'Mona::Receptor *Mona::newReceptor(std::vector<Homeostat::SENSOR,std::allocator<Homeostat::SENSOR>> &,Mona::SENSOR_MODE)': cannot convert argument 1 from 'Mona::SENSOR *' to 'std::vector<Homeostat::SENSOR,std::allocator<Homeostat::SENSOR>> &'
C:\Users\Tom Portegys\Documents\research\AI\Morphognosis\NestingBirds\mona\src\mona\mona.hpp(546,14): message : see declaration of 'Mona::newReceptor'
C:\Users\Tom Portegys\Documents\research\AI\Morphognosis\NestingBirds\mona\src\nestingbirds\male.cpp(69,6): error C2653: 'MonAmi': is not a class or namespace name
C:\Users\Tom Portegys\Documents\research\AI\Morphognosis\NestingBirds\mona\src\nestingbirds\male.cpp(69,36): error C2065: 'STONE': undeclared identifier
C:\Users\Tom Portegys\Documents\research\AI\Morphognosis\NestingBirds\mona\src\nestingbirds\male.cpp(69,14): error C3861: 'setSensors': identifier not found
C:\Users\Tom Portegys\Documents\research\AI\Morphognosis\NestingBirds\mona\src\nestingbirds\male.cpp(71,62): error C2664: 'Mona::Receptor *Mona::newReceptor(std::vector<Homeostat::SENSOR,std::allocator<Homeostat::SENSOR>> &,Mona::SENSOR_MODE)': cannot convert argument 1 from 'Mona::SENSOR *' to 'std::vector<Homeostat::SENSOR,std::allocator<Homeostat::SENSOR>> &'
C:\Users\Tom Portegys\Documents\research\AI\Morphognosis\NestingBirds\mona\src\mona\mona.hpp(546,14): message : see declaration of 'Mona::newReceptor'
C:\Users\Tom Portegys\Documents\research\AI\Morphognosis\NestingBirds\mona\src\nestingbirds\male.cpp(72,6): error C2653: 'MonAmi': is not a class or namespace name
C:\Users\Tom Portegys\Documents\research\AI\Morphognosis\NestingBirds\mona\src\nestingbirds\male.cpp(72,69): error C2065: 'FOOD': undeclared identifier
C:\Users\Tom Portegys\Documents\research\AI\Morphognosis\NestingBirds\mona\src\nestingbirds\male.cpp(72,14): error C3861: 'setSensors': identifier not found
C:\Users\Tom Portegys\Documents\research\AI\Morphognosis\NestingBirds\mona\src\nestingbirds\male.cpp(74,49): error C2664: 'Mona::Receptor *Mona::newReceptor(std::vector<Homeostat::SENSOR,std::allocator<Homeostat::SENSOR>> &,Mona::SENSOR_MODE)': cannot convert argument 1 from 'Mona::SENSOR *' to 'std::vector<Homeostat::SENSOR,std::allocator<Homeostat::SENSOR>> &'
C:\Users\Tom Portegys\Documents\research\AI\Morphognosis\NestingBirds\mona\src\mona\mona.hpp(546,14): message : see declaration of 'Mona::newReceptor'
C:\Users\Tom Portegys\Documents\research\AI\Morphognosis\NestingBirds\mona\src\nestingbirds\male.cpp(75,6): error C2653: 'MonAmi': is not a class or namespace name
C:\Users\Tom Portegys\Documents\research\AI\Morphognosis\NestingBirds\mona\src\nestingbirds\male.cpp(75,69): error C2065: 'STONE': undeclared identifier
C:\Users\Tom Portegys\Documents\research\AI\Morphognosis\NestingBirds\mona\src\nestingbirds\male.cpp(75,14): error C3861: 'setSensors': identifier not found
C:\Users\Tom Portegys\Documents\research\AI\Morphognosis\NestingBirds\mona\src\nestingbirds\male.cpp(77,51): error C2664: 'Mona::Receptor *Mona::newReceptor(std::vector<Homeostat::SENSOR,std::allocator<Homeostat::SENSOR>> &,Mona::SENSOR_MODE)': cannot convert argument 1 from 'Mona::SENSOR *' to 'std::vector<Homeostat::SENSOR,std::allocator<Homeostat::SENSOR>> &'
C:\Users\Tom Portegys\Documents\research\AI\Morphognosis\NestingBirds\mona\src\mona\mona.hpp(546,14): message : see declaration of 'Mona::newReceptor'
C:\Users\Tom Portegys\Documents\research\AI\Morphognosis\NestingBirds\mona\src\nestingbirds\male.cpp(78,6): error C2653: 'MonAmi': is not a class or namespace name
C:\Users\Tom Portegys\Documents\research\AI\Morphognosis\NestingBirds\mona\src\nestingbirds\male.cpp(78,69): error C2065: 'NO_OBJECT': undeclared identifier
C:\Users\Tom Portegys\Documents\research\AI\Morphognosis\NestingBirds\mona\src\nestingbirds\male.cpp(78,14): error C3861: 'setSensors': identifier not found
C:\Users\Tom Portegys\Documents\research\AI\Morphognosis\NestingBirds\mona\src\nestingbirds\male.cpp(80,51): error C2664: 'Mona::Receptor *Mona::newReceptor(std::vector<Homeostat::SENSOR,std::allocator<Homeostat::SENSOR>> &,Mona::SENSOR_MODE)': cannot convert argument 1 from 'Mona::SENSOR *' to 'std::vector<Homeostat::SENSOR,std::allocator<Homeostat::SENSOR>> &'
C:\Users\Tom Portegys\Documents\research\AI\Morphognosis\NestingBirds\mona\src\mona\mona.hpp(546,14): message : see declaration of 'Mona::newReceptor'
C:\Users\Tom Portegys\Documents\research\AI\Morphognosis\NestingBirds\mona\src\nestingbirds\male.cpp(81,6): error C2653: 'MonAmi': is not a class or namespace name
C:\Users\Tom Portegys\Documents\research\AI\Morphognosis\NestingBirds\mona\src\nestingbirds\male.cpp(82,31): error C2065: 'FOOD': undeclared identifier
C:\Users\Tom Portegys\Documents\research\AI\Morphognosis\NestingBirds\mona\src\nestingbirds\male.cpp(81,14): error C3861: 'setSensors': identifier not found
C:\Users\Tom Portegys\Documents\research\AI\Morphognosis\NestingBirds\mona\src\nestingbirds\male.cpp(83,58): error C2664: 'Mona::Receptor *Mona::newReceptor(std::vector<Homeostat::SENSOR,std::allocator<Homeostat::SENSOR>> &,Mona::SENSOR_MODE)': cannot convert argument 1 from 'Mona::SENSOR *' to 'std::vector<Homeostat::SENSOR,std::allocator<Homeostat::SENSOR>> &'
C:\Users\Tom Portegys\Documents\research\AI\Morphognosis\NestingBirds\mona\src\mona\mona.hpp(546,14): message : see declaration of 'Mona::newReceptor'
C:\Users\Tom Portegys\Documents\research\AI\Morphognosis\NestingBirds\mona\src\nestingbirds\male.cpp(84,6): error C2653: 'MonAmi': is not a class or namespace name
C:\Users\Tom Portegys\Documents\research\AI\Morphognosis\NestingBirds\mona\src\nestingbirds\male.cpp(84,14): error C3861: 'setSensors': identifier not found
C:\Users\Tom Portegys\Documents\research\AI\Morphognosis\NestingBirds\mona\src\nestingbirds\male.cpp(86,56): error C2664: 'Mona::Receptor *Mona::newReceptor(std::vector<Homeostat::SENSOR,std::allocator<Homeostat::SENSOR>> &,Mona::SENSOR_MODE)': cannot convert argument 1 from 'Mona::SENSOR *' to 'std::vector<Homeostat::SENSOR,std::allocator<Homeostat::SENSOR>> &'
C:\Users\Tom Portegys\Documents\research\AI\Morphognosis\NestingBirds\mona\src\mona\mona.hpp(546,14): message : see declaration of 'Mona::newReceptor'
C:\Users\Tom Portegys\Documents\research\AI\Morphognosis\NestingBirds\mona\src\nestingbirds\male.cpp(87,6): error C2653: 'MonAmi': is not a class or namespace name
C:\Users\Tom Portegys\Documents\research\AI\Morphognosis\NestingBirds\mona\src\nestingbirds\male.cpp(88,31): error C2065: 'STONE': undeclared identifier
C:\Users\Tom Portegys\Documents\research\AI\Morphognosis\NestingBirds\mona\src\nestingbirds\male.cpp(87,14): error C3861: 'setSensors': identifier not found
C:\Users\Tom Portegys\Documents\research\AI\Morphognosis\NestingBirds\mona\src\nestingbirds\male.cpp(89,60): error C2664: 'Mona::Receptor *Mona::newReceptor(std::vector<Homeostat::SENSOR,std::allocator<Homeostat::SENSOR>> &,Mona::SENSOR_MODE)': cannot convert argument 1 from 'Mona::SENSOR *' to 'std::vector<Homeostat::SENSOR,std::allocator<Homeostat::SENSOR>> &'
C:\Users\Tom Portegys\Documents\research\AI\Morphognosis\NestingBirds\mona\src\mona\mona.hpp(546,14): message : see declaration of 'Mona::newReceptor'
C:\Users\Tom Portegys\Documents\research\AI\Morphognosis\NestingBirds\mona\src\nestingbirds\male.cpp(90,6): error C2653: 'MonAmi': is not a class or namespace name
C:\Users\Tom Portegys\Documents\research\AI\Morphognosis\NestingBirds\mona\src\nestingbirds\male.cpp(90,14): error C3861: 'setSensors': identifier not found
C:\Users\Tom Portegys\Documents\research\AI\Morphognosis\NestingBirds\mona\src\nestingbirds\male.cpp(92,58): error C2664: 'Mona::Receptor *Mona::newReceptor(std::vector<Homeostat::SENSOR,std::allocator<Homeostat::SENSOR>> &,Mona::SENSOR_MODE)': cannot convert argument 1 from 'Mona::SENSOR *' to 'std::vector<Homeostat::SENSOR,std::allocator<Homeostat::SENSOR>> &'
C:\Users\Tom Portegys\Documents\research\AI\Morphognosis\NestingBirds\mona\src\mona\mona.hpp(546,14): message : see declaration of 'Mona::newReceptor'
C:\Users\Tom Portegys\Documents\research\AI\Morphognosis\NestingBirds\mona\src\nestingbirds\male.cpp(93,6): error C2653: 'MonAmi': is not a class or namespace name
C:\Users\Tom Portegys\Documents\research\AI\Morphognosis\NestingBirds\mona\src\nestingbirds\male.cpp(93,65): error C2065: 'NO_OBJECT': undeclared identifier
C:\Users\Tom Portegys\Documents\research\AI\Morphognosis\NestingBirds\mona\src\nestingbirds\male.cpp(93,14): error C3861: 'setSensors': identifier not found
C:\Users\Tom Portegys\Documents\research\AI\Morphognosis\NestingBirds\mona\src\nestingbirds\male.cpp(95,47): error C2664: 'Mona::Receptor *Mona::newReceptor(std::vector<Homeostat::SENSOR,std::allocator<Homeostat::SENSOR>> &,Mona::SENSOR_MODE)': cannot convert argument 1 from 'Mona::SENSOR *' to 'std::vector<Homeostat::SENSOR,std::allocator<Homeostat::SENSOR>> &'
C:\Users\Tom Portegys\Documents\research\AI\Morphognosis\NestingBirds\mona\src\mona\mona.hpp(546,14): message : see declaration of 'Mona::newReceptor'
C:\Users\Tom Portegys\Documents\research\AI\Morphognosis\NestingBirds\mona\src\nestingbirds\male.cpp(96,6): error C2653: 'MonAmi': is not a class or namespace name
C:\Users\Tom Portegys\Documents\research\AI\Morphognosis\NestingBirds\mona\src\nestingbirds\male.cpp(96,14): error C3861: 'setSensors': identifier not found
C:\Users\Tom Portegys\Documents\research\AI\Morphognosis\NestingBirds\mona\src\nestingbirds\male.cpp(98,57): error C2664: 'Mona::Receptor *Mona::newReceptor(std::vector<Homeostat::SENSOR,std::allocator<Homeostat::SENSOR>> &,Mona::SENSOR_MODE)': cannot convert argument 1 from 'Mona::SENSOR *' to 'std::vector<Homeostat::SENSOR,std::allocator<Homeostat::SENSOR>> &'
C:\Users\Tom Portegys\Documents\research\AI\Morphognosis\NestingBirds\mona\src\mona\mona.hpp(546,14): message : see declaration of 'Mona::newReceptor'
C:\Users\Tom Portegys\Documents\research\AI\Morphognosis\NestingBirds\mona\src\nestingbirds\male.cpp(101,35): error C2065: 'DO_NOTHING': undeclared identifier
C:\Users\Tom Portegys\Documents\research\AI\Morphognosis\NestingBirds\mona\src\nestingbirds\male.cpp(102,29): error C2065: 'EAT': undeclared identifier
C:\Users\Tom Portegys\Documents\research\AI\Morphognosis\NestingBirds\mona\src\nestingbirds\male.cpp(103,29): error C2065: 'GET': undeclared identifier
C:\Users\Tom Portegys\Documents\research\AI\Morphognosis\NestingBirds\mona\src\nestingbirds\male.cpp(104,36): error C2065: 'GO_TO_DESERT': undeclared identifier
C:\Users\Tom Portegys\Documents\research\AI\Morphognosis\NestingBirds\mona\src\nestingbirds\male.cpp(105,36): error C2065: 'GO_TO_FOREST': undeclared identifier
C:\Users\Tom Portegys\Documents\research\AI\Morphognosis\NestingBirds\mona\src\nestingbirds\male.cpp(106,34): error C2065: 'GO_TO_MATE': undeclared identifier
C:\Users\Tom Portegys\Documents\research\AI\Morphognosis\NestingBirds\mona\src\nestingbirds\male.cpp(107,37): error C2065: 'LOOK_FOR_FOOD': undeclared identifier
C:\Users\Tom Portegys\Documents\research\AI\Morphognosis\NestingBirds\mona\src\nestingbirds\male.cpp(108,38): error C2065: 'LOOK_FOR_STONE': undeclared identifier
C:\Users\Tom Portegys\Documents\research\AI\Morphognosis\NestingBirds\mona\src\nestingbirds\male.cpp(109,30): error C2065: 'TOSS': undeclared identifier
C:\Users\Tom Portegys\Documents\research\AI\Morphognosis\NestingBirds\mona\src\nestingbirds\male.cpp(114,42): error C2039: 'MAX_ENABLEMENT': is not a member of 'Mona'
C:\Users\Tom Portegys\Documents\research\AI\Morphognosis\NestingBirds\mona\src\mona\mona.hpp(50): message : see declaration of 'Mona'
C:\Users\Tom Portegys\Documents\research\AI\Morphognosis\NestingBirds\mona\src\nestingbirds\male.cpp(114,56): error C2065: 'MAX_ENABLEMENT': undeclared identifier
C:\Users\Tom Portegys\Documents\research\AI\Morphognosis\NestingBirds\mona\src\nestingbirds\male.cpp(115,26): error C2039: 'CAUSE': is not a member of 'Mona'
C:\Users\Tom Portegys\Documents\research\AI\Morphognosis\NestingBirds\mona\src\mona\mona.hpp(50): message : see declaration of 'Mona'
C:\Users\Tom Portegys\Documents\research\AI\Morphognosis\NestingBirds\mona\src\nestingbirds\male.cpp(115,31): error C2065: 'CAUSE': undeclared identifier
C:\Users\Tom Portegys\Documents\research\AI\Morphognosis\NestingBirds\mona\src\nestingbirds\male.cpp(116,26): error C2039: 'EFFECT': is not a member of 'Mona'
C:\Users\Tom Portegys\Documents\research\AI\Morphognosis\NestingBirds\mona\src\mona\mona.hpp(50): message : see declaration of 'Mona'
C:\Users\Tom Portegys\Documents\research\AI\Morphognosis\NestingBirds\mona\src\nestingbirds\male.cpp(116,32): error C2065: 'EFFECT': undeclared identifier
C:\Users\Tom Portegys\Documents\research\AI\Morphognosis\NestingBirds\mona\src\nestingbirds\male.cpp(119,45): error C2039: 'MAX_ENABLEMENT': is not a member of 'Mona'
C:\Users\Tom Portegys\Documents\research\AI\Morphognosis\NestingBirds\mona\src\mona\mona.hpp(50): message : see declaration of 'Mona'
C:\Users\Tom Portegys\Documents\research\AI\Morphognosis\NestingBirds\mona\src\nestingbirds\male.cpp(119,59): error C2065: 'MAX_ENABLEMENT': undeclared identifier
C:\Users\Tom Portegys\Documents\research\AI\Morphognosis\NestingBirds\mona\src\nestingbirds\male.cpp(120,29): error C2039: 'CAUSE': is not a member of 'Mona'
C:\Users\Tom Portegys\Documents\research\AI\Morphognosis\NestingBirds\mona\src\mona\mona.hpp(50): message : see declaration of 'Mona'
C:\Users\Tom Portegys\Documents\research\AI\Morphognosis\NestingBirds\mona\src\nestingbirds\male.cpp(120,34): error C2065: 'CAUSE': undeclared identifier
C:\Users\Tom Portegys\Documents\research\AI\Morphognosis\NestingBirds\mona\src\nestingbirds\male.cpp(121,29): error C2039: 'EFFECT': is not a member of 'Mona'
C:\Users\Tom Portegys\Documents\research\AI\Morphognosis\NestingBirds\mona\src\mona\mona.hpp(50): message : see declaration of 'Mona'
C:\Users\Tom Portegys\Documents\research\AI\Morphognosis\NestingBirds\mona\src\nestingbirds\male.cpp(121,35): error C2065: 'EFFECT': undeclared identifier
C:\Users\Tom Portegys\Documents\research\AI\Morphognosis\NestingBirds\mona\src\nestingbirds\male.cpp(124,42): error C2039: 'MAX_ENABLEMENT': is not a member of 'Mona'
C:\Users\Tom Portegys\Documents\research\AI\Morphognosis\NestingBirds\mona\src\mona\mona.hpp(50): message : see declaration of 'Mona'
C:\Users\Tom Portegys\Documents\research\AI\Morphognosis\NestingBirds\mona\src\nestingbirds\male.cpp(124,56): error C2065: 'MAX_ENABLEMENT': undeclared identifier
C:\Users\Tom Portegys\Documents\research\AI\Morphognosis\NestingBirds\mona\src\nestingbirds\male.cpp(125,26): error C2039: 'CAUSE': is not a member of 'Mona'
C:\Users\Tom Portegys\Documents\research\AI\Morphognosis\NestingBirds\mona\src\mona\mona.hpp(50): message : see declaration of 'Mona'
C:\Users\Tom Portegys\Documents\research\AI\Morphognosis\NestingBirds\mona\src\nestingbirds\male.cpp(125,31): error C2065: 'CAUSE': undeclared identifier
C:\Users\Tom Portegys\Documents\research\AI\Morphognosis\NestingBirds\mona\src\nestingbirds\male.cpp(126,26): error C2039: 'EFFECT': is not a member of 'Mona'
C:\Users\Tom Portegys\Documents\research\AI\Morphognosis\NestingBirds\mona\src\mona\mona.hpp(50): message : see declaration of 'Mona'
C:\Users\Tom Portegys\Documents\research\AI\Morphognosis\NestingBirds\mona\src\nestingbirds\male.cpp(126,32): error C2065: 'EFFECT': undeclared identifier
C:\Users\Tom Portegys\Documents\research\AI\Morphognosis\NestingBirds\mona\src\nestingbirds\male.cpp(129,44): error C2039: 'MAX_ENABLEMENT': is not a member of 'Mona'
C:\Users\Tom Portegys\Documents\research\AI\Morphognosis\NestingBirds\mona\src\mona\mona.hpp(50): message : see declaration of 'Mona'
C:\Users\Tom Portegys\Documents\research\AI\Morphognosis\NestingBirds\mona\src\nestingbirds\male.cpp(129,58): error C2065: 'MAX_ENABLEMENT': undeclared identifier
C:\Users\Tom Portegys\Documents\research\AI\Morphognosis\NestingBirds\mona\src\nestingbirds\male.cpp(130,28): error C2039: 'CAUSE': is not a member of 'Mona'
C:\Users\Tom Portegys\Documents\research\AI\Morphognosis\NestingBirds\mona\src\mona\mona.hpp(50): message : see declaration of 'Mona'
C:\Users\Tom Portegys\Documents\research\AI\Morphognosis\NestingBirds\mona\src\nestingbirds\male.cpp(130,33): error C2065: 'CAUSE': undeclared identifier
C:\Users\Tom Portegys\Documents\research\AI\Morphognosis\NestingBirds\mona\src\nestingbirds\male.cpp(131,28): error C2039: 'EFFECT': is not a member of 'Mona'
C:\Users\Tom Portegys\Documents\research\AI\Morphognosis\NestingBirds\mona\src\mona\mona.hpp(50): message : see declaration of 'Mona'
C:\Users\Tom Portegys\Documents\research\AI\Morphognosis\NestingBirds\mona\src\nestingbirds\male.cpp(131,34): error C2065: 'EFFECT': undeclared identifier
C:\Users\Tom Portegys\Documents\research\AI\Morphognosis\NestingBirds\mona\src\nestingbirds\male.cpp(134,43): error C2597: illegal reference to non-static member 'Mona::MIN_ENABLEMENT'
C:\Users\Tom Portegys\Documents\research\AI\Morphognosis\NestingBirds\mona\src\mona\mona.hpp(112): message : see declaration of 'Mona::MIN_ENABLEMENT'
C:\Users\Tom Portegys\Documents\research\AI\Morphognosis\NestingBirds\mona\src\nestingbirds\male.cpp(135,27): error C2039: 'CAUSE': is not a member of 'Mona'
C:\Users\Tom Portegys\Documents\research\AI\Morphognosis\NestingBirds\mona\src\mona\mona.hpp(50): message : see declaration of 'Mona'
C:\Users\Tom Portegys\Documents\research\AI\Morphognosis\NestingBirds\mona\src\nestingbirds\male.cpp(135,32): error C2065: 'CAUSE': undeclared identifier
C:\Users\Tom Portegys\Documents\research\AI\Morphognosis\NestingBirds\mona\src\nestingbirds\male.cpp(136,27): error C2039: 'EFFECT': is not a member of 'Mona'
C:\Users\Tom Portegys\Documents\research\AI\Morphognosis\NestingBirds\mona\src\mona\mona.hpp(50): message : see declaration of 'Mona'
C:\Users\Tom Portegys\Documents\research\AI\Morphognosis\NestingBirds\mona\src\nestingbirds\male.cpp(136,33): error C2065: 'EFFECT': undeclared identifier
C:\Users\Tom Portegys\Documents\research\AI\Morphognosis\NestingBirds\mona\src\nestingbirds\male.cpp(139,44): error C2039: 'MAX_ENABLEMENT': is not a member of 'Mona'
C:\Users\Tom Portegys\Documents\research\AI\Morphognosis\NestingBirds\mona\src\mona\mona.hpp(50): message : see declaration of 'Mona'
C:\Users\Tom Portegys\Documents\research\AI\Morphognosis\NestingBirds\mona\src\nestingbirds\male.cpp(139,58): error C2065: 'MAX_ENABLEMENT': undeclared identifier
C:\Users\Tom Portegys\Documents\research\AI\Morphognosis\NestingBirds\mona\src\nestingbirds\male.cpp(140,28): error C2039: 'CAUSE': is not a member of 'Mona'
C:\Users\Tom Portegys\Documents\research\AI\Morphognosis\NestingBirds\mona\src\mona\mona.hpp(50): message : see declaration of 'Mona'
C:\Users\Tom Portegys\Documents\research\AI\Morphognosis\NestingBirds\mona\src\nestingbirds\male.cpp(140,33): error C2065: 'CAUSE': undeclared identifier
C:\Users\Tom Portegys\Documents\research\AI\Morphognosis\NestingBirds\mona\src\nestingbirds\male.cpp(141,28): error C2039: 'EFFECT': is not a member of 'Mona'
C:\Users\Tom Portegys\Documents\research\AI\Morphognosis\NestingBirds\mona\src\mona\mona.hpp(50): message : see declaration of 'Mona'
C:\Users\Tom Portegys\Documents\research\AI\Morphognosis\NestingBirds\mona\src\nestingbirds\male.cpp(141,34): error C2065: 'EFFECT': undeclared identifier
C:\Users\Tom Portegys\Documents\research\AI\Morphognosis\NestingBirds\mona\src\nestingbirds\male.cpp(142,13): error C2039: 'setRepeater': is not a member of 'Mona::Mediator'
C:\Users\Tom Portegys\Documents\research\AI\Morphognosis\NestingBirds\mona\src\mona\mona.hpp(460): message : see declaration of 'Mona::Mediator'
C:\Users\Tom Portegys\Documents\research\AI\Morphognosis\NestingBirds\mona\src\nestingbirds\male.cpp(142,24): fatal error C1003: error count exceeds 100; stopping compilation
