c:\users\tom portegys\documents\research\ai\morphognosis\nestingbirds\mona\src\nestingbirds\debug\vc142.pdb
c:\users\tom portegys\documents\research\ai\morphognosis\nestingbirds\mona\src\nestingbirds\debug\male.obj
c:\users\tom portegys\documents\research\ai\morphognosis\nestingbirds\mona\src\nestingbirds\debug\female.obj
c:\users\tom portegys\documents\research\ai\morphognosis\nestingbirds\mona\src\nestingbirds\debug\bird.obj
c:\users\tom portegys\documents\research\ai\morphognosis\nestingbirds\mona\src\nestingbirds\debug\sense.obj
c:\users\tom portegys\documents\research\ai\morphognosis\nestingbirds\mona\src\nestingbirds\debug\respond.obj
c:\users\tom portegys\documents\research\ai\morphognosis\nestingbirds\mona\src\nestingbirds\debug\mona.obj
c:\users\tom portegys\documents\research\ai\morphognosis\nestingbirds\mona\src\nestingbirds\debug\learn.obj
c:\users\tom portegys\documents\research\ai\morphognosis\nestingbirds\mona\src\nestingbirds\debug\homeostat.obj
c:\users\tom portegys\documents\research\ai\morphognosis\nestingbirds\mona\src\nestingbirds\debug\enable.obj
c:\users\tom portegys\documents\research\ai\morphognosis\nestingbirds\mona\src\nestingbirds\debug\drive.obj
c:\users\tom portegys\documents\research\ai\morphognosis\nestingbirds\mona\src\nestingbirds\debug\rdtree.obj
c:\users\tom portegys\documents\research\ai\morphognosis\nestingbirds\mona\src\nestingbirds\debug\random.obj
c:\users\tom portegys\documents\research\ai\morphognosis\nestingbirds\mona\src\nestingbirds\debug\quaternion.obj
c:\users\tom portegys\documents\research\ai\morphognosis\nestingbirds\mona\src\nestingbirds\debug\md5.obj
c:\users\tom portegys\documents\research\ai\morphognosis\nestingbirds\mona\src\nestingbirds\debug\log.obj
c:\users\tom portegys\documents\research\ai\morphognosis\nestingbirds\mona\src\nestingbirds\debug\gettime.obj
c:\users\tom portegys\documents\research\ai\morphognosis\nestingbirds\mona\src\nestingbirds\debug\fileio.obj
c:\users\tom portegys\documents\research\ai\morphognosis\nestingbirds\mona\src\nestingbirds\debug\nestingbirds.tlog\cl.command.1.tlog
c:\users\tom portegys\documents\research\ai\morphognosis\nestingbirds\mona\src\nestingbirds\debug\nestingbirds.tlog\cl.read.1.tlog
c:\users\tom portegys\documents\research\ai\morphognosis\nestingbirds\mona\src\nestingbirds\debug\nestingbirds.tlog\cl.write.1.tlog
